73722375
74405552
79578577
94640931
102742095
105750502
127940215
133619584
143775175
152029526
154989013
191858241
199582541
202717862
208034656
227258676
230497381
231073561
245285336
249332424
262830276
263806079
266233742
288683567
299813882
303779341
316587818
328081356
364828282
389766932
405586240
411315212
424693008
455969142
475771201
480233984
491938551
510396591
521338754
522398055
533879502
539393089
544383806
550737901
564964605
567777877
569777471
573842170
575817474
588114662
595469369
606854621
617165560
654946190
668037473
696157320
699731864
714699953
717220022
721161287
727339718
736758566
750301242
772662944
780430127
794800645
816400569
817471447
831981969
844489348
899718550
932575770
942105990
943297586
956527901
969509425
971591812
975274633
976224460
980406730
983240762
992889790
