7
21
40
40
48
55
79
102
115
115
104
104
123
136
156
164
188
188
179
191
202
258
218
218
255
255
252
252
275
287
306
311
311
310
329
334
344
357
357
363
363
365
379
387
404
418
418
438
427
439
440
447
447
447
447
465
465
494
494
498
508
508
578
578
579
589
594
593
603
603
633
633
634
663
677
688
694
694
735
754
755
809
816
816
826
826
830
830
848
858
858
879
880
880
864
908
918
920
921
921
926
926
935
952
965
968
969
969
978
976
980
1027
1036
1036
1023
1023
1040
1040
1076
1076
1086
1086
1086
1106
1126
1148
1148
1119
1200
1228
1238
1239
1239
1239
1239
1240
1255
1258
1291
1275
1275
1292
1303
1319
1366
1334
1334
1347
1347
1368
1368
1375
1392
1403
1451
1451
1443
1537
1500
1561
1556
1556
1553
1553
1550
1570
1582
1586
1594
1594
1627
1639
1652
1666
1671
1671
1685
1685
1703
1703
1724
1762
1762
1714
1762
1762
1762
1783
1781
1799
1807
1819
1819
1846
1846
1856
1858
1876
1898
1899
1899
1911
1956
1904
1975
1977
1977
1986
1986
1994
1994
1996
2008
2053
2054
2067
2067
2085
2090
2143
2147
2160
2160
2165
2165
2170
2170
2224
2248
2262
2262
2283
2290
2312
2329
2327
2327
2403
2403
2416
2416
2446
2446
2424
2424
2428
2428
2428
2497
2508
2529
2529
2516
2530
2534
2551
2552
2552
2554
2554
2555
2584
2584
2608
2610
2610
2624
2652
2637
2675
2728
2728
2722
2722
2691
2691
2734
2764
2793
2778
2778
2797
2813
2814
2845
2861
2861
2864
2864
2865
2888
2915
2916
2925
2925
2930
2940
2969
2943
2978
2943
2998
2998
3003
3003
3002
3002
3005
3036
3046
3060
3060
3071
3077
3110
3088
3120
3120
3122
3122
3125
3130
3137
3142
3152
3152
3185
3172
3202
3221
3242
3242
3246
3246
3287
3287
3311
3319
3338
3360
3347
3347
3358
3399
3414
3418
3421
3421
3439
3439
3451
3469
3462
3469
3484
3484
3481
3488
3471
3504
3531
3531
3507
3507
3511
3511
3544
3544
3566
3566
3591
3593
3643
3632
3632
3606
3666
3694
3701
3689
3689
3733
3733
3752
3780
3772
3795
3783
3783
3808
3818
3829
3861
3848
3848
3863
3863
3863
3905
3905
3882
3924
3943
3943
3943
3967
3948
3972
3995
4001
4001
4016
4016
4024
4025
4041
4057
4051
4051
4072
4138
4142
4169
4177
4177
4183
4183
4203
4203
4185
4185
4209
4236
4279
4296
4296
4301
4304
4312
4328
4360
4360
4390
4390
4409
4414
4413
4449
4476
4476
4475
4486
4507
4490
4513
4490
4524
4524
4524
4524
4534
4550
4557
4571
4589
4589
4581
4597
4600
4601
4622
4622
4623
4652
4652
4633
4675
4676
4686
4686
4701
4709
4715
4738
4743
4743
4741
4741
4752
4752
4768
4768
4774
4774
4784
4784
4800
4810
4810
4801
4817
4821
4821
4832
4870
4885
4916
4938
4938
4939
4958
4958
4942
4964
5012
4985
4985
5013
5082
5114
5109
5127
5127
5160
5160
5170
5170
5189
5196
5254
5256
5256
5258
5286
5287
5318
5325
5325
5325
5325
5355
5380
5405
5393
5455
5393
5392
5477
5479
5482
5531
5531
5543
5543
5496
5496
5561
5561
5573
5610
5619
5645
5645
5646
5707
5673
5721
5767
5767
5780
5780
5806
5825
5874
5898
5904
5904
5929
5943
5946
5952
5955
5955
5964
5964
5977
5977
5957
5988
6030
6063
6102
6102
6102
6124
6126
6148
6177
6177
6129
6129
6194
6211
6263
6268
6282
6282
6272
6287
6307
6324
6360
6360
6366
6366
6386
6386
6372
6372
6387
6387
6399
6419
6427
6429
6429
6451
6483
6471
6544
6510
6510
6547
6547
6489
6547
6554
6591
6598
6598
6598
6617
6630
6653
6692
6692
6714
6714
6694
6694
6715
6716
6778
6769
6769
6778
6789
6793
6800
6805
6805
6811
6811
6861
6885
6925
6940
6913
6913
6949
6961
6985
7037
7035
7035
7042
7042
7048
7048
7053
7053
7059
7071
7080
7093
7093
7109
7123
7202
7132
7225
7225
7236
7236
7276
7282
7294
7295
7304
7304
7339
7352
7344
7359
7365
7365
7384
7384
7431
7431
7403
7436
7442
7468
7471
7471
7473
7484
7502
7508
7515
7515
7516
7516
7519
7543
7544
7562
7574
7574
7588
7593
7591
7602
7610
7610
7631
7631
7662
7662
7623
7623
7620
7620
7628
7628
7665
7697
7709
7724
7736
7736
7718
7738
7761
7760
7760
7763
7763
7748
7782
7806
7852
7809
7809
7843
7901
7904
7913
7923
7923
7931
7931
7946
7946
7954
7978
8000
8004
8004
8009
8018
8026
8029
8059
8059
8047
8047
8068
8082
8102
8107
8123
8123
8149
8151
8162
8180
8181
8181
8186
8186
8187
8187
8188
8188
8188
8192
8216
8230
8224
8234
8234
8225
8274
8292
8292
8322
8322
8356
8376
8383
8391
8408
8391
8423
8457
8471
8476
8470
8470
8477
8477
8499
8499
8510
8541
8548
8553
8560
8560
8571
8585
8620
8622
8634
8634
8630
8630
8643
8699
8704
8714
8680
8704
8715
8720
8781
8722
8784
8722
8786
8786
8813
8813
8819
8819
8839
8839
8833
8847
8858
8856
8856
8857
8893
8890
8903
8939
8939
8909
8909
8944
8966
8970
8999
9011
9011
9028
9017
9031
9069
9051
9051
9073
9073
9088
9088
9096
9099
9105
9129
9148
9148
9121
9173
9182
9198
9204
9204
9221
9221
9225
9231
9235
9240
9280
9280
9285
9287
9300
9322
9312
9312
9304
9304
9323
9323
9352
9352
9329
9365
9372
9409
9451
9451
9423
9457
9464
9483
9483
9517
9517
9485
9537
9544
9553
9555
9555
9582
9590
9584
9606
9619
9619
9620
9620
9625
9625
9649
9657
9663
9663
9708
9663
9726
9733
9757
9758
9763
9763
9766
9795
9795
9776
9828
9844
9830
9830
9846
9856
9859
9889
9938
9938
9899
9899
9965
9965
9966
9966
9975
9975
9985
9985
9999
9999
9979
9979
9995
