48
48
190
190
220
220
255
255
272
272
290
290
301
301
321
321
336
336
437
437
627
627
640
640
646
646
724
724
744
744
768
768
798
798
818
826
826
935
935
959
959
1089
1089
1094
1094
1129
1129
1169
1169
1185
1185
1300
1300
1462
1462
1562
1562
1620
1620
1627
1627
1679
1679
1686
1686
1730
1730
1777
1777
1914
1914
1920
1920
1948
2018
2018
2026
2026
2243
2243
2366
2366
2434
2434
2462
2462
2481
2481
2537
2537
2566
2566
2607
2607
2633
2670
2670
2672
2672
2698
2698
2710
2710
2719
2777
2777
2834
2834
2888
2888
2910
2910
3236
3236
3242
3242
3285
3285
3293
3293
3345
3345
3378
3378
3399
3399
3401
3401
3554
3554
3614
3614
3657
3657
3663
3663
3670
3718
3792
3803
3803
3806
3855
3855
3933
3933
3976
3976
3977
4043
4043
4130
4130
4149
4149
4152
4152
4160
4160
4166
4166
4234
4234
4334
4334
4335
4335
4351
4351
4394
4394
4435
4435
4479
4479
1397
4487
4487
4554
4554
4565
4583
4583
4601
4601
4608
4608
4661
4672
4672
4769
4769
4785
4785
4885
4885
4890
4915
4915
4806
4966
4966
5003
5003
5029
5029
5163
5163
5198
5198
5206
5206
5262
5262
5297
5297
5303
5434
5434
5491
5491
5558
5558
5566
5566
5750
5750
5767
5767
5773
5773
5779
5779
5799
5806
5806
5853
5853
2467
5923
5923
5995
5995
5999
5999
6038
6038
6078
6078
6085
6085
6113
6153
6153
6165
6165
6165
6165
6204
6204
6226
6226
6261
6261
6274
6274
6292
6292
6331
6331
6331
6331
6341
6341
6364
6390
6423
6423
212
6484
6484
6548
6548
6589
6589
6616
6616
6648
6736
6736
6800
6800
6814
6840
6840
6851
6851
6857
6857
6860
6860
6897
6897
6923
6923
7044
995
7070
7070
7116
7116
7120
7120
5509
7148
7148
7155
7155
7268
7268
7270
7270
7529
7529
7561
7741
7761
7761
7811
7811
7861
7861
6542
7883
7883
7896
7896
7925
7925
8044
8044
8191
8191
4041
8239
8239
8270
8270
8275
8275
8278
8380
8380
8383
8383
8433
8433
8450
8450
8455
8455
8206
8520
8520
8529
8540
8540
8553
8553
8578
8578
8656
8656
8666
8666
8766
8804
8804
7221
8850
8850
8924
8924
5205
8962
8962
9002
9002
9040
9040
9164
9164
9167
9167
9213
9213
9258
9258
9277
9316
9316
9500
9500
9511
9511
9513
9553
9553
8180
9601
9601
9652
9652
8307
9737
9737
9747
9747
9770
9770
9783
9783
9888
9888
9888
9888
9897
9897
9990
9990
10028
10028
10029
10068
10068
10135
10135
10143
10143
10151
10151
10220
10220
10287
10287
10435
10444
10444
10447
10447
10528
10528
10574
10597
10597
339
10616
10616
10647
10648
10648
10676
10676
10704
10704
10734
10809
10809
6663
10841
10841
10845
10632
10867
10867
10915
10915
11093
3472
11124
11124
11130
11130
11139
11139
11192
11192
11214
11214
11231
11231
11236
11268
11268
11370
11370
11479
11479
11515
11515
11561
11594
11594
11636
11636
11647
11647
11738
11742
11742
11775
11775
11778
11778
11864
11864
11917
11918
11984
11984
11993
11993
12040
12040
12062
12062
12069
12069
12070
12070
12134
12134
12165
12227
12227
12236
12259
12259
12268
12268
5572
12275
12275
12305
12305
3210
12377
12377
12456
12456
12466
12466
12501
12501
12522
12530
12530
12564
12684
12684
12689
12689
12102
12701
12701
9001
12727
12727
12744
12744
12753
12753
12769
12769
12775
12775
12844
12844
12960
12972
12972
12994
12994
13000
13000
13005
13006
13006
13021
13021
13046
13046
13057
13057
13081
13081
13127
13127
13145
13145
13189
13189
13259
13259
13306
13306
13370
13370
13378
13490
13490
13557
13601
13617
13617
13730
13730
13800
13800
10267
13838
13838
13855
13855
13859
13859
13904
13904
13930
13930
14003
14003
14009
14009
14053
14112
14112
14184
14184
14196
14196
14254
14254
14300
14300
14305
14305
14521
14521
12086
14553
7060
14586
14586
14599
14606
14703
14711
14711
14736
14736
12833
14819
14819
14885
14885
14917
14917
15052
15052
15063
15063
15134
15134
15137
15137
15276
15287
15287
15311
15311
15348
15348
15360
15368
15368
4662
15470
15470
2997
15507
15507
11098
15558
15558
15575
15575
15632
15632
15665
15665
15685
15685
15715
15715
15891
15970
15970
16042
16042
16052
16063
16069
16069
16073
16073
16136
16231
16246
16246
16328
16328
16332
16332
2456
16371
16415
16415
16435
16435
16505
16642
16642
16645
16820
16820
16861
16861
16866
16866
16913
16913
17040
17040
17075
17075
17076
17076
17151
17151
17164
17164
17171
17171
17215
17215
17227
17227
17270
17270
17271
17271
17287
17287
17322
17322
17327
17327
17363
17363
17394
17418
17427
17427
7448
17491
17555
17555
2526
17585
17677
17677
17689
17689
17738
17738
17782
11259
17833
17833
18032
18032
7977
18058
18058
18060
18060
18093
18093
18169
18173
18173
14076
18177
18177
18197
18197
18201
18201
18245
18245
18261
18261
14878
18270
18276
18276
18302
18302
18305
18305
18388
18396
18396
18408
18408
18444
18444
18542
18542
7792
18728
18728
18757
18757
18765
18765
9699
18878
18878
18511
18882
18922
18922
9136
19112
19112
19166
19217
19217
3899
19333
19333
19486
19535
19535
19542
19542
19548
19548
5616
19554
19554
19634
19634
19637
19649
19649
19666
19666
19697
19697
19820
19820
19905
19905
19908
347
19966
19966
19980
19980
19998
20015
20051
20051
20116
20116
20145
20145
20182
20225
20225
20254
20254
16616
20305
20305
20311
20311
20316
20385
20470
20470
20477
20477
20499
20524
20554
20554
18553
20580
20592
20592
20610
20610
20625
20741
20741
20749
20778
20778
11957
20803
20803
20804
20804
20871
20871
20889
20895
20895
15604
20940
20974
20974
20977
21004
21062
21062
21094
21100
21100
21106
21106
21142
21157
21157
21200
21200
21205
21205
21218
21218
21251
21251
21260
21316
21316
21407
21407
5144
21448
21544
21570
21570
21604
21604
21673
21673
2636
21693
21729
21729
21757
21832
21832
21860
21860
21906
21954
21972
22002
22002
22043
22043
22107
22107
22136
22136
4110
22139
22139
22143
22155
22155
13515
22226
22226
22231
22231
22434
22438
22438
22517
22569
22569
14142
22592
22592
7871
22623
22623
22657
22766
22766
22829
22853
22863
22953
23002
23048
23048
1666
23048
23048
23092
23092
23151
23151
23167
23326
23506
13501
23585
23585
23595
23595
23646
23665
23665
23748
23782
23782
23865
23865
23886
23905
18329
23973
24144
24144
24146
24146
24170
24216
24216
24245
24245
24254
24359
24359
24404
24404
24417
24478
24478
24497
24497
24513
24559
24559
24578
24578
6092
24655
15671
24669
24669
24779
24779
24814
24814
24817
24817
24927
24927
24956
25020
25020
25025
25045
25045
25092
25092
23727
25187
25187
25194
25194
25201
25201
25283
25283
25286
25286
25342
25392
25392
4171
25398
25398
25406
25406
25411
25411
25480
25480
25493
25493
25535
25535
25564
25564
25601
25622
25673
25673
25751
25816
25816
25848
25848
5153
25850
25850
26048
26101
26101
3713
26130
26247
26247
26256
26256
1804
26268
26301
26301
26311
26311
26327
26346
26346
26382
26382
26437
13417
26465
26481
26519
26519
26530
26530
3884
26530
26530
26530
26530
26603
26603
22339
26660
26683
26683
26690
26690
26713
26777
26777
26818
26952
26954
26954
26963
26963
26983
26983
26998
26998
27003
27003
759
27008
25678
27060
27069
27069
27069
27103
27132
27132
10695
27183
27186
27186
27227
27227
15447
27351
27379
27379
27447
27447
15998
27502
27502
27613
27613
27683
27683
27794
27794
27861
27861
27879
27879
22314
22314
27905
27905
17031
27915
27915
23138
26818
27933
27933
18684
27980
27988
28021
28102
28102
3998
28137
28137
28184
28184
28213
28304
28304
28335
28335
8269
28339
28347
28378
28378
6676
28385
28385
28440
28440
28495
28495
19399
26713
17966
28496
28496
28554
28554
3954
28578
28578
28612
28612
12768
28613
28613
28668
28668
28669
28669
28677
28677
28696
22722
28699
28699
28720
14985
28748
28748
28817
28817
28826
28826
28846
28846
28888
28888
28897
28897
28907
16063
28915
28958
28958
29003
29003
27072
29020
29045
29045
11109
29124
29128
29136
29136
22870
29148
29148
29175
29175
4760
4760
16005
29212
29212
29289
29313
29320
29320
29351
29351
29430
29766
29766
29783
29783
20468
29785
29785
29797
29804
29804
21973
29894
30028
30028
30077
30077
21461
30118
30153
30153
30163
30173
30173
26595
30187
30187
30190
30190
19138
30251
30251
5542
30265
30265
15276
30274
30274
30294
30294
20953
30320
30320
1652
30361
30361
25162
30363
30385
30385
30474
30474
30516
30516
30526
30539
30729
30729
30760
10374
30860
30876
30903
30903
29893
30917
30917
30950
30961
30992
30992
31056
31077
31107
31112
31112
31122
31122
31126
2593
31126
31126
31133
31133
31157
31157
10694
31199
31199
31260
31271
31271
31426
31426
31440
31538
31669
31669
31724
31724
31825
31841
31841
31859
31859
31873
31873
30146
31875
32033
32033
32076
32076
2889
32131
32131
32470
28287
32472
32472
32585
32585
3131
32587
32587
32591
32591
32591
28218
32613
32641
32641
32679
32679
32686
16640
32758
32758
32784
32784
9362
32837
32846
32846
32877
32900
32900
32149
32936
18156
33054
33054
33092
33115
33115
33121
33121
33190
33190
33206
33206
33271
22613
33315
33315
17571
33335
23646
33415
33415
33431
33440
33445
33483
33504
16438
33565
33583
33620
33620
33657
33663
33663
21937
33681
33681
1668
33688
33784
33933
33933
34019
34020
34026
34085
34085
13746
34178
34178
34180
34180
30138
34221
34221
34338
34358
34358
17847
34397
34397
34436
34436
7202
34476
34476
34498
34498
34523
34523
12885
34573
34573
2015
34578
34578
34639
34639
34876
34876
9289
34952
34952
34965
34965
34970
34970
24661
35005
8189
35025
35025
35051
35051
8935
35061
35061
35114
35129
35129
35157
35157
35158
35158
15908
35184
35245
35245
4124
35378
35378
35385
35409
35409
35416
35416
1820
35475
35487
34186
35494
35494
1703
35514
35514
35517
35517
35534
35541
35541
35550
35557
35559
35559
25255
25255
35580
35580
22089
22089
26712
35655
35655
16946
35656
35748
35748
35797
35797
35806
35806
35822
35836
35836
6640
6640
14688
35852
35852
30335
2636
340
35863
35863
19403
35868
35868
11126
35911
35933
35933
19384
35947
35947
35947
35947
26417
35964
35967
35989
36018
36087
36117
36117
30419
36119
36119
36134
36142
2456
18386
36144
36144
36153
36153
28888
36252
36252
36336
36378
36397
36397
36404
36404
32941
36409
36409
36430
36430
28090
36490
36490
13840
36500
36500
7845
7845
36507
36507
36520
36520
36545
36545
29309
29309
36550
36550
13678
36586
19330
36614
36614
19444
36697
36697
36720
36720
4845
36732
36732
36734
36734
36752
36752
36764
36764
28745
1703
36850
36850
11455
36880
36890
36890
36917
36917
36932
36932
36966
36966
37058
37084
37084
37130
37130
18133
18133
37154
37154
37156
37156
37160
37160
25467
37161
37161
22253
37187
37187
37205
37205
37269
37269
9794
37310
37310
37322
37398
37398
37406
37407
37447
37447
30928
37534
37534
37619
37619
37628
37628
23825
37648
37648
1030
37670
37670
37683
23748
37748
37809
37814
37814
37819
37819
19949
37832
37832
12607
12607
37873
37873
37928
38016
38032
38032
642
12564
38059
38099
38152
38152
38165
20580
38169
38180
38180
38194
38194
38245
38265
38265
38275
38275
38278
38278
7366
38284
38330
38332
38332
35933
38368
38368
3038
38421
38421
38452
38452
38497
38506
38506
10559
38548
38606
38626
38671
38726
38762
38762
495
38798
38798
38858
38858
38867
38867
38869
38869
7361
38966
39034
39060
39060
8072
39117
39117
39139
39214
39214
1803
1803
39231
39231
39333
39386
39386
39386
39386
18785
39391
39391
15108
39405
39405
39405
39405
30963
39418
39418
39481
39504
39527
39527
39553
39553
32588
39607
39648
39648
37181
39673
39673
7001
39765
39765
39769
39769
39786
39811
39869
39962
39962
39968
39968
39970
39998
39998
2548
40140
40165
40165
20697
40234
40234
40244
40244
40283
40283
15056
40329
40371
40371
22066
40397
40467
40477
40477
40477
40477
13301
40512
40512
40592
40592
7644
40622
40622
4762
40712
40731
40731
40789
40789
26911
40813
40901
40986
41105
41105
21010
41108
41112
41112
10811
41136
41136
6356
41165
37407
41211
41231
41231
20683
41349
41349
41354
41354
41366
41366
41368
41368
29212
41372
41386
41386
41396
41396
41410
41410
41480
41480
41488
41550
41550
41623
41623
41629
41629
4344
41629
41642
41642
41657
41693
41693
39835
41719
41719
41730
41737
41737
41701
41793
41793
41808
26405
41833
41833
41910
41910
42017
42017
10562
42053
42053
28003
42063
42063
42071
42071
42098
42098
42127
42133
42151
42199
42199
42212
42212
31603
42213
42213
20181
42233
42269
42348
42348
36441
42388
42395
42395
42429
42429
42446
42446
32258
42554
42554
10842
10842
42564
18862
42604
42604
42669
42669
42716
42716
27170
42733
33657
27472
42741
42845
42845
42900
42900
35139
35139
9449
42973
42973
42977
42977
28922
43104
43104
43184
43184
43195
43195
43236
5542
43271
43350
43350
43387
43387
32583
27988
4433
43391
43391
6803
43448
43460
43460
10402
43489
43489
43493
26481
36555
43501
43501
43520
43520
43531
43531
43534
43534
43566
43566
43677
36891
43791
43791
6963
43827
43917
43917
5343
43931
43931
43941
43941
43948
43948
22236
43994
43994
25602
6803
2821
44046
44046
28887
44249
44249
37713
44280
44280
44323
44359
44359
32336
32336
7740
44372
44405
44405
44449
22931
44504
44507
44507
44529
44658
44658
23280
44800
44800
44845
2124
44876
44876
23117
44895
44895
10777
44924
24197
44929
44929
44931
44931
23000
44941
44941
44969
44969
44991
45095
45095
38338
45137
45137
45173
45173
12157
45182
45222
45222
4780
45224
45231
45231
43850
20683
45264
45264
7775
45266
45388
45388
36816
45416
6390
11245
45420
45451
45451
45467
45476
45476
13404
45503
45523
45539
45539
45572
45572
45597
45599
15137
45670
45670
20210
45775
45775
37469
45855
45855
45858
45867
45867
36325
45872
45928
9755
30963
18951
45969
45969
45978
45978
15775
46001
46001
30086
46166
46205
46205
46211
46272
46278
46278
16059
46344
46344
46375
46375
46421
46421
46428
46430
46430
919
46494
46494
18767
46517
46517
8231
46559
46579
46579
46601
46601
41230
46614
46782
46810
46810
46819
25905
46850
46850
46918
46918
25710
46930
46930
6982
46931
46931
17294
46940
46961
46962
46971
16607
46988
47109
47109
10424
47132
47132
47238
47238
39675
47283
47297
47297
47312
46572
47352
47438
47449
17104
47450
47450
47512
47512
45482
47520
47526
47566
47566
47618
47618
47651
47651
47689
47689
46967
47715
43448
14665
47759
47786
47786
47904
48022
48022
48044
48044
48103
48103
44671
48150
48150
48194
48194
15788
48235
48235
35148
48278
48320
48320
48335
48335
48376
48376
48392
25556
36018
48452
48452
48454
48454
12146
12146
14259
48454
48463
48463
40692
40692
47988
48466
48489
48489
48534
48534
36916
48543
48543
33140
48564
48582
48582
24309
24309
38784
48622
48664
48703
28021
33571
48742
48742
30366
48794
48794
4963
48801
48801
48876
48876
48935
48995
49075
49075
49109
49113
49205
49205
49218
17640
49234
10562
7277
49282
49282
13435
49317
49317
49342
49342
49369
49369
27135
49379
49412
49412
29770
29770
49429
49429
16345
16345
49447
49466
49466
41904
49487
49487
49527
49527
41832
49539
49539
49558
49558
14871
49568
49596
49596
29205
49605
49607
49607
1079
49702
49702
49703
49725
49725
49762
21954
21689
49766
49766
19293
49838
49838
21179
49859
49859
6056
6056
36472
49881
49882
1939
49884
49885
49885
27804
49889
49889
34148
49936
49936
49951
21010
49976
49976
50004
50049
50053
50053
28495
50068
50087
50087
15113
50093
50131
50131
22540
22540
2789
50201
50201
50220
50220
36052
50330
50330
50366
50369
50369
43760
50385
50385
50395
50395
50426
50426
50479
50479
31726
50516
50516
50528
50557
3713
50669
50669
4605
50678
17697
50780
50780
50821
50836
50836
50915
50915
50931
26176
50942
50942
41815
50990
51012
51012
41091
41091
3024
51031
51031
51039
41372
51051
51103
51103
51108
51108
51131
51131
37865
51136
51300
51325
51355
51400
51427
51473
51473
51052
51482
51482
51522
51522
34029
51635
51635
24218
51743
51785
51866
51866
29243
29243
10174
51898
51937
51954
51958
51967
51987
51987
6179
51989
52043
52043
3133
52086
52086
10859
10859
12455
52105
52105
22000
52145
52223
52223
20686
52253
52253
20750
52276
52276
52325
52325
43056
37406
49990
52359
52416
52416
23943
52539
23825
5738
52550
52550
6876
52607
52607
44454
52635
52635
33806
52662
52698
339
31626
52699
52699
52742
52807
52807
51211
52810
52842
52842
52869
52875
52901
52916
52916
31778
52921
52921
52940
52940
53020
53020
10276
53027
53027
53071
53071
25490
53098
53098
53165
53165
53184
53184
53206
53206
53209
53209
19171
53229
53236
53240
53265
53265
53284
53284
53294
53294
53323
53323
69
69
53367
53414
53414
53477
53477
53483
53552
53552
34796
53552
53552
35657
35657
53569
53577
2467
20241
53586
53586
49553
2997
53606
53606
42869
53617
53617
53642
53650
53650
53650
14864
53720
53720
52458
53782
53782
38134
53801
53801
14914
53809
53809
12740
24661
39057
53970
53970
54018
54018
54052
54072
54072
3966
54115
54115
54125
54141
19908
54156
54156
38086
54165
54165
48060
54170
54172
54172
46016
54177
54207
54232
54232
54277
54277
54307
4780
32581
54341
54400
54400
54403
54403
54492
54492
54565
54565
51004
54587
54587
7118
51211
54655
54655
2770
212
36836
54668
54671
54671
2747
34020
2365
54682
54682
54814
54814
54817
54817
4162
54830
54830
54858
54858
34598
54869
54869
42548
54872
54872
39489
54874
54884
54884
27174
27174
17540
54893
54893
54932
54932
54976
54977
54977
55080
55080
3788
55091
55091
32204
55118
55118
55217
55217
55234
33349
55245
7792
24793
55246
27072
55252
55264
55295
55295
40382
55323
55323
1130
55326
55326
55334
55336
14583
759
26619
55341
55394
55394
55491
55542
55576
55576
7112
55675
55675
14767
55688
39835
55792
55792
26829
55797
55797
33635
55818
27351
39315
55882
55882
15527
55884
55884
15384
55973
55973
56015
56033
56033
51073
56104
56104
35096
56171
56245
56245
56252
56252
56279
56279
56287
56287
48367
48367
33523
56290
56310
56310
43178
43178
56331
56331
56355
56385
56385
56423
56497
56497
25745
56508
56528
56528
14055
56533
56533
52505
56562
56562
56598
56598
56605
56605
20883
20883
31771
56615
56615
56636
56636
47658
56696
56696
56698
56698
56710
56731
56744
56744
22398
56783
56830
56830
28635
56841
56942
56946
56946
48138
49568
56971
56971
56984
56984
40154
57022
57044
57044
57046
57046
22828
57048
57048
10869
57114
57114
57132
57135
57167
57167
57169
57169
7600
57223
57223
4156
4156
11308
57237
57237
16386
57264
57264
4346
4346
57271
57271
3470
3470
57295
57295
35162
35162
17774
57317
57360
57444
57444
34176
57525
57525
9918
57563
57574
57661
57661
44538
57698
57698
57728
57728
57832
57846
57960
57960
57995
57995
20682
58077
4344
55051
11245
58100
58100
58103
58103
47922
58125
53229
58173
48935
15810
58213
58213
41558
58255
58265
58265
58307
58307
58421
58421
50154
17847
7934
7934
17124
58464
58464
9462
58491
58491
26135
58528
58556
21448
52821
36555
58590
58590
58630
29313
23266
58695
9001
22956
58798
58839
58839
58855
58798
58873
58873
58926
58926
58927
58927
34641
51051
58937
58937
31449
49884
13942
58939
58939
58974
59058
59058
11606
59073
59073
36062
27170
24125
59088
59088
35463
35463
59105
59105
34977
34977
59152
59152
50571
59156
59156
34726
59188
59188
31809
59197
59197
52936
59210
59210
53273
59336
59336
52416
59343
59343
55282
59360
59378
59382
59382
59418
59418
32263
59428
59428
59452
59452
30073
59453
59453
42371
41558
32128
59549
59549
28122
57317
59554
59585
13942
47793
59589
59589
5089
59601
54147
59609
59609
46122
46122
59610
59610
59640
22398
30226
59658
59658
27297
59679
59679
59720
59720
59734
59734
59739
59739
59786
59834
59834
59906
59906
52303
59939
59939
54881
42548
59960
42532
59988
59988
59995
59995
20008
60026
60026
54915
60040
60040
60079
60079
60264
60264
60267
60267
60304
60353
60353
29859
60464
26327
58707
60465
60465
60486
60486
60522
60522
26185
60565
60565
37625
60585
60596
60596
60598
35256
60612
60633
60633
60658
60658
8524
36441
58897
60717
60717
60342
60342
60756
60756
60761
60761
9783
60768
60768
20901
20901
60795
60847
60847
10263
60871
60871
4843
60890
60890
60914
60924
60924
4282
60932
60970
60970
61089
61089
60706
61109
61109
36150
61192
61192
61200
61205
61205
30406
61205
54177
61215
61215
34623
34623
61228
61228
3150
61229
22253
60586
61263
61263
53509
61304
25745
55614
17540
45374
61366
10944
61384
61384
61384
30836
61392
61392
9522
9522
61396
61396
61405
61405
51532
61434
61434
61437
61445
61445
17032
61449
61449
35472
61488
61488
55896
61491
61491
61518
61518
61563
61580
61593
61627
61627
61669
61680
61736
61782
26048
13175
61816
61816
4415
61823
61833
61833
61846
61846
33164
61877
61877
61881
61881
25419
61943
61943
40805
62022
62022
32125
62037
62037
32623
52869
11775
62068
62068
50435
47759
62069
62069
8680
62077
62077
22374
62104
62104
62120
62178
62178
24624
62180
62180
57790
57790
62252
62252
62253
62253
59010
59010
50497
62256
62256
46029
62280
62280
62383
62383
21062
21062
62400
62400
62431
62431
36929
62453
62453
614
62563
62563
62596
62597
62597
44917
44917
62640
62640
21026
21026
12246
62661
62661
42590
62680
34334
62704
62704
12004
62725
62725
62151
7366
40271
62735
62744
62744
14353
62766
62766
62779
62879
62879
62893
62893
62893
62895
62895
16075
62932
62946
26807
62981
2526
62984
62984
29464
62997
53365
55264
22269
63041
63041
51262
59786
63091
63091
27575
63129
17377
63137
63137
47742
47742
16202
63143
63143
63149
63149
63186
63205
63205
63217
63217
63284
63284
20759
63307
63307
38932
29212
63383
63383
16902
63402
63407
63407
52646
63499
63499
63563
63563
26202
63650
63702
63743
63743
63743
63763
63763
23602
10424
23014
63776
63776
55205
63791
35630
63830
63863
63863
58888
22863
23698
63863
63905
4149
1666
63914
63914
64020
64045
64047
64047
64076
26268
64096
64130
64130
61937
64182
64182
4134
64235
64292
64320
64320
64335
64356
64360
64360
18920
18920
2247
64385
25110
64389
64406
64439
64439
64442
64442
44753
52416
64469
64469
62131
4124
23871
64501
64501
28862
64520
64584
64584
64707
64725
64725
44692
64768
64821
64821
55723
64846
64863
64863
64939
64939
8743
64964
64964
54384
65051
65051
53109
65086
65086
15155
15155
31543
31543
65159
65159
65160
65160
16634
28887
47739
65190
65190
36357
65241
34796
15180
65248
65251
65251
50840
65289
65351
26660
28080
65400
65401
65401
32058
20686
65430
65439
65439
50877
65534
65534
35932
65538
65538
51889
65544
5572
65557
65557
25367
25367
49135
65633
65633
47577
45224
65669
65669
7642
65693
65693
37179
65721
65751
65751
6245
6245
47124
65751
65758
50877
60902
65862
65885
65885
36264
16645
19927
65922
29423
48278
65933
65947
65947
33514
65955
65955
65961
49703
29410
65973
65973
13094
65993
66014
66014
66037
66037
14276
66088
66088
49866
49866
36850
66089
66089
66182
66182
66218
66218
6051
66329
66329
66331
66331
30728
66359
66382
66382
66393
66408
66408
19661
19661
20633
66432
64637
59360
66441
66441
39716
39716
61665
61665
19326
66479
66507
66507
65649
42741
66534
66553
66565
66565
66568
66568
7663
63702
42198
66582
66582
66650
66650
66729
13678
10542
66752
66779
66779
10679
10679
25466
66798
66874
29437
66877
66884
66884
64077
66927
66927
24043
24043
23738
66942
66942
25178
67025
67025
3689
67028
67028
47066
67060
67080
67080
66890
66890
50789
67083
67083
8952
67084
67084
24981
9513
18633
67142
67144
67144
47551
32263
67150
67170
67170
3762
67186
67186
67200
67218
59378
32953
67230
67230
25921
25921
13316
67308
67310
51427
44557
67311
67331
67479
67488
5205
27494
67494
67494
67572
67572
67605
67605
67614
67614
11475
67631
67631
67746
67746
50218
50218
38128
67780
67780
64234
67783
67783
4666
67827
67827
15679
15679
34355
67833
67866
67866
54987
54987
67317
67886
67886
8219
8219
65152
68006
68006
24316
68020
68020
44666
8206
22048
68029
21973
68121
68121
6060
6060
7760
68178
68178
68249
33182
41642
68264
68264
2618
68276
68276
26658
68397
68397
62307
62307
50822
68414
68414
68428
68428
35005
68441
68441
29610
68509
68509
23137
68524
68524
57168
68529
68529
16019
2548
67462
68538
68538
43681
68541
68541
8696
68564
50273
68569
68609
68609
63937
63937
24138
24138
5547
68614
68614
58264
68617
68649
68649
56600
68668
68668
10356
68708
68708
46126
46126
36080
68757
68757
68767
68767
68771
68771
68774
68774
47374
13435
9101
68777
68777
5216
68817
68817
21023
21023
13063
42198
68826
68826
39809
39809
22637
68853
68853
13134
68857
68911
68917
68917
54991
68922
16505
68966
68966
68970
68970
52995
68978
68978
69050
69053
15170
69081
61580
29948
69083
69102
69127
45858
44860
69150
69150
69197
69197
41558
41558
69211
69211
69237
69237
37912
4134
69329
47467
2618
14238
69329
69361
69361
9301
39489
69397
69397
69410
69411
69411
27719
27719
32930
69424
69424
69480
69480
27193
27193
59781
69513
69513
32811
69547
69547
27266
69580
69580
36493
69661
69724
69724
46872
4110
68634
69728
69728
4339
69869
69942
69942
19467
19467
15726
69958
44504
57458
69961
69992
14871
68191
69994
69994
67932
70037
70043
70043
70084
70095
70095
25331
70121
70125
70125
70145
21403
42233
52436
70194
70194
48246
70205
70205
38100
70231
70231
70146
70240
70240
12984
70241
70241
28315
28315
68777
70270
14354
70289
22434
24483
24483
30804
70290
70290
9212
70305
70305
70371
70419
70419
30065
32258
55300
70440
70440
70470
70470
70484
70484
734
50093
70499
70499
48873
48873
70513
70513
70515
70515
70542
70542
4693
4693
28940
70545
70614
70646
70646
70647
70647
1384
70663
70663
2553
2553
69382
70699
70699
41572
70713
70724
70724
15719
15719
6644
70737
70737
27177
27177
70770
70794
70794
7068
70798
69869
60053
70849
70849
63792
63792
70866
27060
70885
70887
70887
21451
21451
45057
45057
71015
71049
71102
71134
71134
4704
71162
71162
29054
29054
68080
71262
17032
39439
71348
38169
71365
5153
64552
71382
71382
40055
71454
71456
71456
64179
64179
8680
71508
71521
71521
50060
50060
43350
43350
12863
71529
71534
71563
71563
20164
33635
71565
71565
67165
67165
47176
71570
71570
8280
71604
71640
71674
71732
71732
30055
71734
71734
9590
9590
54732
5216
68961
71734
71734
71739
71739
16853
71746
71746
61104
71779
71780
71780
3822
71832
71832
34594
38671
10144
71848
71885
71885
35925
71894
25342
71900
71900
46308
71674
5705
72092
72112
72130
72130
29952
72142
72144
32811
7193
72156
72200
72200
70866
72248
72248
72256
72256
72430
72454
4513
21937
61226
72508
72508
72563
30073
66518
72592
72592
22616
72607
72607
35611
15775
43379
72684
72684
65329
3133
34967
72686
72692
72698
72698
52356
52356
33458
72714
72743
72743
50941
28218
72746
72748
72748
13720
72749
72749
37847
37847
22235
72764
72770
72770
33842
1652
66277
72788
17072
56423
72801
72801
24641
24641
50857
72801
72859
72859
8823
72871
72871
68001
68001
21626
72880
72965
72965
30384
30384
22832
72966
72966
25943
73021
73026
73026
27755
73072
73072
73074
73074
73134
73134
73201
73201
13643
73241
73241
19465
73252
4704
73315
73334
73339
73361
73364
73364
73365
73365
66263
21626
16723
73424
73424
1167
25622
35074
73452
73452
73508
73508
55107
73515
73515
43821
73517
73517
49403
10267
6885
73596
73596
34428
34428
38189
38189
40559
73618
67073
54384
73618
73618
56661
73636
68161
50990
11250
73646
73646
73652
55334
30020
73667
73710
73710
52673
73710
27266
3473
40559
56359
73765
73765
73772
1060
73785
73785
20182
73834
73834
73911
73956
73956
6718
74056
46967
74065
74135
74135
41924
41924
58066
74138
74138
74151
74151
12145
14053
25684
74183
74183
26334
26334
45455
74211
74212
74212
74228
70187
74257
74281
74283
67966
69083
17451
74283
70371
74285
74285
55623
74286
74286
51944
74320
74320
21062
74328
74328
19213
19213
8898
50822
2875
74347
2015
72136
74357
74357
74380
74380
34843
74384
74384
42896
16946
21187
21187
11653
74401
74401
74416
74416
13205
32204
11182
74437
47922
46621
74451
74451
74582
74582
733
30950
57256
74599
74599
61785
33440
74631
7852
63402
37600
17966
4724
74696
74696
47191
47191
74698
74707
74707
45522
74753
74753
72454
24624
48932
74779
74779
28901
28901
15454
74800
74800
67644
67644
68556
74840
74840
57215
74842
26134
38338
2727
65430
8482
74857
74859
74893
74893
7753
7753
74919
74919
51171
74920
74920
26562
74943
74943
73641
73641
75024
75037
1130
75075
75075
17989
17989
33487
75086
75086
75095
75095
75130
75130
6919
30406
26848
75150
75159
75159
34672
46782
65811
75195
75207
75219
75219
3015
75257
75257
74255
74255
4014
75260
75277
75277
75292
75309
75309
39552
75351
75351
42376
75375
49567
75383
75383
34678
75406
75448
75448
6177
6177
59376
75521
75541
75541
75571
75571
10810
20697
2535
75592
75592
75622
75626
75626
29887
23280
38963
75676
75681
75681
35437
35437
65515
22616
19240
75712
75718
29893
21989
75727
32635
35822
60986
75739
75739
75664
75664
64854
64854
75759
75759
28357
28357
75793
75843
75976
75976
20637
12004
7343
75980
75980
23163
28862
1337
75987
75987
70698
66798
57925
57925
4597
75989
75989
38955
38955
75996
75996
18545
11455
14176
76007
76021
76021
76021
26078
76060
76060
13358
76081
76081
76141
76141
15063
76165
76165
76169
76180
76216
3444
7642
46840
76216
76267
76267
76300
76300
76353
14621
25751
15968
10356
40056
76359
76359
64480
76369
76369
76386
76441
76441
19941
76442
76442
76467
76488
76488
76494
30928
42543
76514
76514
135
76519
76519
76541
76541
7996
76605
76605
21485
21485
37803
76610
76610
3759
76692
76692
50159
76720
76720
76727
76745
76745
53431
65993
76824
76824
76073
76863
76863
58890
76882
76885
76921
76921
863
863
31152
76928
76957
76984
76992
76992
72447
76996
36357
76998
76998
3356
77004
77004
75630
75630
50004
50004
77029
77029
77032
77043
77043
63674
77062
77062
66358
77074
77074
57688
18882
28019
28019
68851
68851
34553
56359
77082
77103
77103
13073
77132
77132
24706
77164
77164
77182
77182
77216
77216
69951
77248
19465
77262
77262
35993
33583
29674
77335
77335
77351
77351
10488
77387
77387
50825
77420
77420
24415
77423
77423
6887
77430
77430
9960
77437
77437
38019
38019
39812
77439
77452
77475
77475
64104
19444
54571
77552
77552
64601
64601
20376
77583
77583
32233
26658
35816
77604
77604
77635
77635
66754
19293
65071
77643
77643
42665
77648
77648
63733
77652
77682
77682
26689
77738
77738
35333
30363
77748
77748
12507
12507
77749
50840
77816
77816
28208
28339
77869
77869
56219
77893
77907
64045
31276
67317
1905
77985
77985
3058
3058
74775
74775
21319
78068
78068
59623
59623
76028
32128
4920
78097
78097
64331
78119
78119
42651
78132
78166
78166
78175
78175
40215
68617
78238
78267
78287
78287
38804
78320
78462
78462
78462
74334
15063
23012
33487
58802
78470
78470
56895
78506
78519
78519
72124
72124
78527
19927
13491
78531
10276
8364
78662
78732
19138
78768
78771
78771
78831
78831
28350
28350
53073
78855
78917
79004
79005
79005
33081
79006
79015
79015
23352
79023
79064
79064
8105
15788
78930
79139
79139
53902
53902
53974
79243
79243
45025
79260
79260
78959
78959
79285
79285
75985
75985
3150
69382
20612
79333
79333
42681
42681
79342
65289
35827
79359
79359
49963
79400
79440
79449
79449
70546
13358
43630
79450
79450
60487
48060
58830
79485
79509
79510
52662
41028
41028
5070
79537
79562
79575
79592
79592
63417
63417
73139
75292
4481
79607
79607
79616
66752
3406
79623
79623
72469
51958
57217
79626
79626
13197
73021
79652
79652
24234
79714
79714
79720
79720
79724
79724
5826
5826
2788
79742
79742
79742
66553
6885
31404
79745
79745
20300
79765
79816
79816
4794
79817
79817
79830
79830
71296
71296
5640
79847
41550
79854
56841
31971
79857
79883
79883
23979
79891
79891
69918
69918
47937
79912
79912
28952
79917
79917
13943
79961
48466
55067
79962
12246
79964
79964
47721
47721
13702
79967
56355
36077
79968
79968
26254
79997
79997
70151
80011
80011
53773
53773
80041
80041
62266
80062
80062
8807
8807
80092
80095
80095
80124
40805
56378
26202
80132
80132
80036
80149
80149
47551
80167
80167
12172
28003
42819
68777
73467
80176
80176
80185
80185
80191
80191
43574
14353
80196
80222
80224
40712
38882
80227
80227
79152
79152
80278
80278
68172
80279
80279
27186
27186
15097
80291
80291
36448
80293
80293
77395
80308
80308
72763
80328
80335
80335
39937
80360
80406
80472
80472
80484
80484
80499
80499
71387
71387
46781
80500
80500
11250
11250
64185
80553
80563
80563
55637
55637
73012
80583
80592
80592
66925
10488
38209
29674
65557
80603
80603
80608
80608
70288
70288
3666
80619
80623
80623
9831
9831
21997
21997
41008
80633
80638
80638
54864
54864
80678
80678
36870
80687
80700
80700
11595
11595
80703
80747
80749
80749
80762
80810
80829
80829
18099
80872
80872
27047
27047
62878
80883
80883
34950
34950
22082
22082
25580
80896
80896
80930
66534
72301
72301
7527
80934
80934
22317
80939
80939
31458
31458
75997
80948
80948
45882
45882
54404
80991
35728
81010
81010
81043
81043
46922
81049
81057
81057
58852
81066
14124
47658
78275
81086
81086
77148
81185
81185
81193
81193
20144
20144
20671
81200
81208
81208
30199
81211
81242
81281
81287
65649
81327
32125
78420
54404
39967
81353
81353
81371
81428
75150
13675
81430
81430
10403
81465
81484
81484
37425
4339
44271
81497
81497
41074
81511
81511
54183
51400
27613
81575
81575
37404
81577
81577
41384
81650
70885
38622
81717
81717
55151
55151
81730
81735
81756
81756
9647
9647
55664
81760
81761
81761
80791
32837
23983
23983
34108
81767
81767
54744
54744
81873
81873
22193
22193
19582
81874
81886
81886
71519
71519
63869
81890
81890
17891
17891
702
81910
81916
64331
81920
1804
81981
81981
38870
81994
81994
48071
82010
82021
82021
82033
21004
62172
82041
82041
82064
82080
44055
11126
82101
82101
52150
52150
60842
82110
82113
39786
6776
82138
82138
82145
82145
34818
82159
82159
30050
40329
82166
82166
62919
82183
11475
52106
82203
82203
34355
82211
82211
56101
56101
35566
80328
73934
73934
12303
82239
82239
82253
82254
57022
69670
69670
42929
82256
79537
43035
2535
57660
82271
43522
52810
14795
82279
82279
82282
82282
36482
47526
38730
38730
34044
82313
82364
82364
82427
80036
70212
82445
82481
12157
8175
82545
82587
82587
16243
82602
82602
36403
36403
68493
68493
82614
82614
51796
82642
82642
82647
82660
82660
82670
37608
50004
30753
36850
36101
82722
82722
22378
14276
48689
47124
20972
82731
12102
65777
82743
82743
12291
82752
82799
82856
38098
56508
78686
82880
56219
2558
5640
47970
82910
82910
15364
82910
58830
67205
82938
82938
38817
38817
27706
82944
81242
82958
33164
19732
19732
77117
82966
82983
82983
54584
46029
27518
82987
82987
49995
82997
82997
5507
83018
83018
14082
83051
77893
6044
14176
52660
83051
35925
83058
83058
73382
23137
36668
11308
83067
83075
83075
56122
33081
69049
83101
83101
40344
40344
56987
83113
63869
41159
31404
29010
83129
83129
36992
36992
81221
83206
83215
83215
83257
83297
83313
83324
83324
15980
15980
40788
83330
83330
83330
41963
83331
83331
23360
83338
83338
31957
31809
26932
83379
83379
11777
83386
83386
48347
48347
35585
83394
36080
30861
83434
83434
76613
83500
83500
24126
83537
83537
8276
50497
71637
83611
83611
37023
83631
83649
83663
83663
54244
54244
83682
83693
83693
54678
83733
8231
37256
38784
70902
3356
2511
83762
83762
61337
22374
13410
83766
83766
83773
83773
2685
2685
83013
83782
28213
43822
43822
31314
31314
83823
83830
83854
83854
53597
53597
83960
83960
49469
70121
64725
83975
84002
84013
84057
51796
63643
84074
84074
66741
84087
84087
5318
5318
18314
20376
26424
26424
79020
84106
75676
63173
22956
52691
84122
4666
26694
84188
84188
84239
84239
84246
84246
59707
15364
38639
84285
84285
84350
84350
62108
84363
84363
40905
84368
84368
84406
84406
23130
23130
4221
84542
84542
62622
62622
84552
84552
84640
84640
24384
24384
68627
84644
84644
17807
58890
84671
84671
53374
53374
8795
84684
84684
76568
9918
56962
84702
84702
84744
84744
45884
84771
84771
10579
84810
84857
84857
33440
33440
6203
6203
51278
84861
84861
84871
41108
75621
75621
84879
84879
42453
64768
51287
36836
4912
84884
84884
19246
19246
84891
84891
69828
84900
84900
35359
80619
12091
84920
84920
68547
68547
64631
64631
18853
84921
8935
60418
60418
78104
84927
84927
6139
84931
84931
28049
84948
83013
84951
84951
84981
84981
71155
13094
48301
83330
84996
84996
63182
63182
85011
25684
77625
85062
85062
12027
22236
85094
85129
85129
23748
23748
26174
26174
37734
21319
78353
85156
85156
72339
85223
51967
60468
60468
69022
85233
85233
12997
76885
74497
37023
42151
85236
85236
14169
85255
85269
85285
85285
66238
85292
82966
23323
85333
85333
85336
85341
85363
85363
1829
85381
72092
68636
68636
14756
85436
12885
47603
85440
85440
14314
80553
61034
85454
85454
81937
81937
23937
85501
85501
47651
47651
17705
85522
85533
42410
5144
85085
85545
85545
11961
85550
85550
85560
37469
50575
85566
85255
43209
85572
28049
17811
85612
85612
85619
85619
14724
4963
61263
85631
41963
60143
60143
52746
65557
59991
85718
85724
85724
39266
85753
28808
3689
68459
85776
85776
85805
85805
74447
85809
85814
70212
47013
85821
85821
42496
42496
67383
1337
67559
85832
85832
68205
43821
20120
20120
46968
24706
19274
85856
29208
85880
85882
85901
85945
85945
85958
85958
55755
55755
59195
59195
85974
51136
62688
62688
15840
86024
86024
86032
86036
86048
86048
22335
22335
82629
80583
52278
86049
86049
59921
56290
72095
86058
86058
71513
71513
5072
86062
86062
76649
76649
20925
73012
82415
86106
86114
86114
49064
86151
86151
47507
40397
34431
34431
23435
86176
86192
86205
86205
15501
15501
42374
15726
57438
86228
86228
71205
71205
54284
18853
80436
83649
2320
86234
86234
61858
61858
18635
86255
86255
47509
86258
44673
79765
62134
86295
86301
86301
44614
44614
81944
86306
34505
86308
55205
40547
86324
14076
79021
35074
66803
86325
18635
5265
86337
86337
67821
67821
78176
86339
86339
16915
86355
86355
68515
86366
39504
85652
86381
86381
27953
32149
78003
86403
86403
21221
13720
81789
81789
18742
86411
86449
14169
9101
9101
86492
28888
76505
86495
86495
31752
31752
20384
17705
3546
86519
77325
32941
79577
86554
86554
77412
77412
18040
18040
86576
86606
86606
17953
86667
86667
81745
28090
86694
86702
86702
52381
86708
86708
63148
63148
15789
86719
86777
86777
21224
21224
82681
86786
86786
44978
68080
32241
86848
86871
86871
28547
86926
54678
78867
78867
82503
86938
37173
86977
7193
49742
87022
87022
86442
86442
17479
87023
87023
38293
38293
28347
6776
87038
4806
56878
56878
57075
87063
87063
59794
72764
19387
19387
32099
32099
87080
87080
14562
14562
28611
87096
87096
35981
35550
4968
87128
87128
2552
2552
8061
80092
11142
87169
87169
31601
87188
87188
1248
4221
50718
87207
26829
37134
37134
23853
87220
87220
29809
87231
54538
87241
87241
39058
26952
72069
87264
5616
64293
87267
87271
3792
54709
54709
84378
87311
87320
87320
12281
81735
37624
79509
76361
87324
87324
82832
82832
42254
42254
85698
87331
87331
56667
87370
87370
28032
15056
87384
27575
68444
87385
87385
26810
34176
22792
87401
87401
58764
58764
78373
87411
87411
58201
58201
85233
87429
87429
57633
87473
62596
86762
61034
27122
87485
60565
8435
87500
87500
42678
29610
19136
87504
87504
1685
11182
12006
87526
87526
16819
22000
15053
45025
63650
87533
87533
36457
87544
87544
22805
22805
38634
38634
36553
87545
87545
87546
87546
86014
87623
87623
75819
63863
55363
55363
10174
10174
25186
87624
20682
72061
53073
75705
87676
87676
15789
87688
87688
19105
19105
4020
87740
71640
83898
87750
87750
62648
62648
78796
78796
87759
50825
16784
22235
87778
87778
29959
63743
39507
87791
87791
87690
87690
52971
87797
87797
87828
87828
36591
79857
35663
87866
87868
35816
87888
87888
50456
50456
6715
87915
87915
55153
55153
14621
5507
25209
87940
87940
87950
87953
38500
87975
87982
87982
17380
17380
48692
87995
87995
78373
88005
42651
88041
88041
70299
88058
88082
88082
29412
29412
25528
88132
88132
51635
88159
88159
3251
88179
88179
82293
88186
71779
88202
88224
88235
88242
88329
3251
88373
29859
48779
88398
30804
25538
88403
88413
88413
11963
88427
37713
88450
60586
88509
88509
22189
88510
88510
43072
88541
88541
88549
88549
14989
51743
49167
49167
59485
39507
48505
88555
88585
88585
5042
39552
82767
88610
88610
59801
44991
73240
88629
88629
14591
5509
5148
88644
88644
18294
18294
61838
88655
52936
68153
88692
88692
20780
88694
88694
84667
88714
88714
31946
88727
88727
88739
55341
75292
75292
76008
88811
34355
41717
88823
9212
28512
88829
88829
36713
20953
86317
61263
25824
88829
88829
12382
88235
86467
88854
72714
6749
88869
88869
45979
16243
50901
88899
15527
34196
34196
50103
88914
88914
63350
8743
69119
88926
88926
79288
88926
7871
40895
47739
14466
14466
45376
88929
88929
88951
88951
82986
88958
31601
2889
79575
44775
88985
88985
33688
89023
89023
89027
89027
22501
89032
89032
11432
89035
89035
74700
78462
60488
60488
569
89041
89041
24339
24339
86443
89046
89046
89061
89114
56661
76597
89119
89119
27679
34355
7239
89133
89142
89142
59666
59666
55601
89145
15998
64214
85233
15258
15258
54381
89152
89152
32537
89190
89190
42860
70037
27622
89190
89190
37354
89231
73361
34851
34851
71205
89235
89235
89238
89238
41355
89250
49109
29204
29204
47976
69022
24739
89252
89271
89271
87266
87266
28378
28378
63014
89316
89316
85772
41211
46290
47176
46451
89327
13601
76641
89335
34843
52967
89367
1704
15789
32320
89388
89388
81444
89388
81874
60532
89470
89470
58016
89473
89473
66661
89488
89489
89489
54728
54728
70841
54991
12862
89503
89503
87819
64356
77883
68634
53244
89516
89516
89524
89524
57709
89526
89526
31646
31646
22058
22058
6063
89533
89533
13643
13643
181
181
69153
89535
89535
61728
49995
51813
51813
29016
89663
89687
89687
27102
27102
86972
89707
89707
17326
62266
33720
89722
89722
27121
89785
89788
89788
39751
89827
89827
89905
46922
30693
30693
89919
81444
84529
24125
29109
29109
89959
89959
36695
36695
89975
89980
89980
7804
7804
35473
90024
86694
1240
76957
68091
90048
61083
88224
10399
90056
90056
45986
45986
68598
4433
45428
90062
76882
86340
90076
90076
81594
75843
41419
90083
90083
66815
22501
83781
83781
2354
90104
90104
60909
61838
54172
25209
58748
90141
90180
82799
62423
23266
25256
12006
78224
90213
90217
90217
46150
79004
58277
90285
90285
9631
57256
90314
90385
90385
64708
64708
62165
90412
54704
11777
45454
9101
15307
2354
40968
40968
69143
90428
90428
30467
30467
61787
3024
75270
90434
48071
21144
90450
90494
90500
90504
90504
66659
90523
90523
90536
90536
33313
53974
90571
90571
41471
41471
64632
90571
90571
90578
90578
38331
38331
59723
59723
22134
40788
90579
90579
45454
45454
81262
90590
76021
37195
90596
90596
17339
17339
87614
71637
59904
90601
90601
69538
90690
90690
24010
24010
90711
90711
6452
6452
42046
74065
61847
90738
24097
82445
30130
3406
59860
90758
90788
90788
70469
70469
16917
63650
90793
36493
57727
90861
90874
90874
44533
25467
71388
71388
64188
64188
90905
90905
90930
90947
1829
66057
90952
91106
91106
5167
15180
21941
63014
18019
91107
91112
91115
72801
8406
91137
91137
74943
74943
47739
35827
54985
54985
85120
91151
91206
91206
49901
91247
91247
41098
41098
17214
17214
70493
86340
24007
91267
91267
12764
12764
55305
7068
72440
91278
91289
91289
60767
60767
20587
91294
91294
36927
52901
35425
35425
91309
91316
91316
23667
90952
91332
30199
91351
91351
91366
91383
91383
29680
91390
91390
47126
85522
88753
88753
53266
91421
91421
26703
35989
71660
71660
46921
91427
91427
91456
91456
23190
23190
62371
91471
79006
44397
66277
44326
91483
91483
78827
78827
28300
91516
91516
54823
91546
91546
32099
91554
91554
54912
29430
43290
43290
4041
91565
91565
70181
70181
63277
91571
91571
63828
91572
91572
91590
91590
29107
29107
86376
91606
76216
197
91628
91628
17757
17757
7599
7599
12774
23853
31597
91644
5738
61386
91653
91653
5209
62108
14831
14831
13642
76008
91672
36816
44225
64293
9064
91717
614
55123
44557
81626
91734
91734
57105
57105
3764
3764
66638
91772
91772
67323
82986
62303
79288
12496
91808
91808
36084
36084
44100
85718
87800
69153
34375
91829
91829
91830
91830
78096
72095
23120
52691
2924
91852
91852
15058
91855
91870
91870
2236
2236
85595
91881
20780
80694
91915
8269
15865
77032
83241
83241
5216
91919
91972
91972
91997
91997
6890
6890
70281
92047
92047
57781
15097
7936
92053
36052
19899
92085
92096
92096
12730
74447
36580
92167
92173
64234
76822
49990
38079
92190
27121
27010
89488
51046
92202
92202
15788
15788
39304
92205
92205
8633
8633
71044
92216
92216
20647
92244
92244
60200
60200
55922
92245
92252
92252
18875
18875
64479
64479
21978
92257
92257
72165
92294
68556
14496
92318
92318
51713
92343
92351
92351
1881
1881
34613
82647
75214
92373
92373
92381
92381
89182
89182
73910
76597
40451
40451
8238
92389
92389
54309
92423
92423
28244
28547
29627
92451
92452
92467
14055
78860
78860
92496
92496
51233
51233
54157
92503
92545
58264
26740
92589
92613
92613
21929
76073
55222
92617
92617
29022
29022
27723
27723
87225
92652
92652
77946
77946
76628
76628
87078
36553
68854
68854
37871
92666
69290
20524
35172
66518
40815
57438
45172
92671
69538
2913
2913
17826
92675
89663
24506
15789
16431
92676
92676
7447
91151
69373
69373
42580
92702
92702
30096
30096
30049
37195
30444
92720
92720
89982
89982
83027
64632
92734
92734
59767
92769
92769
21484
21484
1398
1398
15355
89785
84000
92814
27297
16048
16048
21685
92837
51171
35778
92876
92876
92947
45467
92962
92962
16727
16727
88737
88737
38216
92968
92968
21284
61563
76873
76873
26117
26117
51349
93008
87975
13739
13739
75029
4041
8312
93019
93019
16285
93022
38245
8056
68444
78873
10174
20484
93050
93050
93064
93064
35013
35013
37565
569
17023
93066
1323
41832
78229
93083
93083
62805
93093
54915
5825
84810
54954
54954
20468
93157
93157
56962
93160
93172
93172
74306
74306
93233
93233
25815
93238
93238
65152
83898
25034
93273
93273
73014
93321
79023
35590
8435
32929
32929
61534
93373
93373
68632
28952
40785
93375
77148
57350
15454
27625
67462
84552
93385
9794
83658
93392
46211
59991
83658
36713
93456
93456
56833
66741
66479
66479
72343
93459
93459
49211
49211
93494
93494
1344
1344
79945
79945
28989
28989
3577
93517
93517
67638
63643
32479
93537
76984
80193
80193
17171
93587
93587
59621
93605
93605
6263
6263
75906
75906
36181
20612
50668
50668
31811
93612
93612
75621
93622
38882
86982
59621
34857
93624
93624
5785
93692
77082
80007
10542
22908
93703
11957
10168
10168
93707
93707
50476
55542
35930
35930
37926
93756
93756
18286
18286
2592
93772
93772
46338
93781
93781
3904
93810
93810
52834
93814
76386
17941
17941
83833
38079
16212
16212
78297
93831
93831
85633
85633
93836
93836
69199
93839
93839
60267
60267
93842
68091
89767
93851
93851
60340
60340
71905
71905
71028
76613
75078
93859
23943
83148
59376
79160
93896
93896
45053
93911
93911
93913
93913
93913
93913
67527
67527
46974
93916
93961
93961
6486
66877
48838
93986
93986
73333
73240
75965
39967
17873
93990
83975
26701
26701
11626
93999
3546
94023
94023
480
94026
43271
36149
36149
31154
94028
81281
42147
94034
29809
77476
77476
85624
82503
51495
94078
94080
83631
81743
76641
1312
19582
23470
94080
94080
9201
9201
59369
59369
25944
60532
14990
94116
94120
72692
93182
69828
7606
70281
39992
94132
94158
94158
5487
5487
89525
78373
73498
73498
94166
94166
71118
73467
94174
94174
24485
197
73895
73895
76002
48505
36751
37871
62679
94175
16902
10499
94180
94180
1803
1803
65110
85882
94171
94180
78238
94182
94182
17818
60585
47588
47588
1572
3904
125
94183
94187
94187
55034
91107
66081
94188
94188
44133
44133
47161
94191
84731
29351
66083
86376
59421
17171
23410
94192
94192
89330
89330
28983
28983
61653
94212
23117
39691
39691
94298
94354
94354
19985
19985
32949
30444
32034
94367
85269
4404
32953
69443
69443
69177
94386
13840
22948
22948
45102
45102
47861
94438
94438
85319
85319
59496
94440
94453
94453
79670
79670
28490
22048
60875
60875
68853
25186
7947
94460
94460
77117
57217
15651
94464
94464
71244
94466
94466
66029
66029
52373
94485
69199
79979
78003
89043
94492
94492
75178
75178
66257
94492
2592
87741
94523
94543
94543
6152
94548
94548
45685
72880
45771
45771
62677
39304
82260
94591
78176
92625
92625
89521
94601
94601
10442
10442
82360
82360
8855
94620
92005
94639
94639
18105
94656
59496
55805
94667
94667
81077
81077
56494
94711
10499
20124
94724
94724
33617
33617
65047
5148
40400
40400
75648
75648
9314
94755
94755
70365
94769
94781
94845
39439
62861
94849
94849
80974
80974
13510
13510
65309
65309
52552
94861
94861
43036
45182
86927
86927
19239
94867
25331
80349
80349
55365
58802
39696
79020
80413
94900
94900
79747
79747
32485
23323
81051
94940
94940
61669
61669
57847
94959
94959
23617
23617
59789
94971
94971
10575
10575
68931
68931
21177
94972
21972
13954
94974
94974
75864
94978
94978
78870
95004
95004
28161
28161
87836
87836
81262
81262
84150
95023
8795
52663
95033
95038
95038
61868
23360
75921
75921
37443
95046
43209
65604
95050
95050
57995
56942
77777
77777
52607
52607
95085
6982
58967
58967
70176
95088
95088
11497
11497
12415
12415
67812
67812
47345
95098
95098
56435
56435
27986
27986
63278
95100
95100
32442
35184
55942
95178
95178
95187
95187
80795
80795
42337
42337
68353
95218
95218
36623
36623
44450
25824
45392
45392
22375
95233
10402
95235
95235
14792
14792
61689
61689
19730
8855
40374
40374
95251
95251
79183
51073
33969
33969
55344
88202
70099
95272
95272
81999
81999
2010
18633
62108
42151
16048
95298
95298
62864
10144
1907
46451
44493
87741
46840
95361
95361
28842
28842
236
27613
21712
95369
95369
47918
95371
95371
95401
95401
48417
57846
21700
95410
39565
78373
23066
36077
15114
57847
81996
4020
13614
95413
95413
14909
95437
95455
95455
49586
82064
20495
95483
95483
65582
65582
15152
95498
95560
95560
50336
50336
76258
76258
12966
6887
62802
95589
86128
6152
46390
71529
46977
71244
84339
25538
66414
95592
95592
4998
13073
37725
37725
39571
39571
93504
95618
95618
53114
95625
95636
95636
71031
95644
95644
95662
53109
92902
75621
64153
95665
95665
54007
95673
52458
76820
8406
74798
21712
38979
95724
95724
69914
95725
39333
88164
79562
75730
87866
34327
52373
15757
95726
17394
17973
95726
95726
56640
84667
65612
95740
38134
12953
95758
95758
4625
95764
95764
57297
18742
25080
95787
95809
95809
49299
39266
13875
13875
95829
36336
18530
87950
37069
95861
61680
65243
95861
95861
42507
42507
15394
95862
95862
36998
95884
95896
95919
95919
10428
10428
48757
95963
95963
65397
65397
25836
25836
92938
95977
95977
13464
13464
95991
95991
68313
68313
215
17973
44247
44247
26700
96019
96046
82683
42388
9455
81221
62842
43630
71733
96076
96076
43655
37803
58528
72343
12733
12733
40565
96099
96099
1391
64725
14127
14127
93023
96114
96114
86400
96137
16915
27050
58016
9279
96162
29289
22473
22473
42396
96177
96177
1304
51889
6812
96191
96191
27858
27858
51324
51324
10931
18105
49945
49945
2073
96195
31603
13723
89975
41890
41890
45747
45747
44139
3577
33559
96220
38216
80458
96249
70770
13384
96279
96279
94305
94305
73643
73643
27770
96287
38099
82663
96323
96323
43936
21685
73046
73046
53511
53511
17995
96361
96361
44903
20972
73492
96403
96403
5757
20671
70872
70872
62734
29010
11627
96414
96414
20545
20545
96427
4171
54665
40271
47525
47525
17753
96491
96497
15908
39349
39349
74471
74471
45251
96515
96515
53447
96548
96548
86460
86460
33261
33261
96552
96552
77217
77217
11318
12953
80033
96641
52381
59174
37926
43002
96650
96650
1469
1469
9267
86972
36457
96653
96653
86892
54571
68371
68371
27683
96671
96682
96682
73840
10263
57820
55723
83550
96691
96691
69058
69058
58516
96730
53592
96752
4521
68911
55564
96773
66132
96773
96773
43211
94116
96807
96807
74198
74198
73346
73346
83887
83887
52487
96810
96810
6077
10579
27998
96811
96811
56425
56425
81553
81553
22845
37069
76561
96812
77679
30419
95171
26848
53140
45428
67058
67058
46465
96826
96826
49523
49523
10699
10699
95156
95156
1201
96829
96829
71096
66238
19464
96839
72339
54067
54067
49549
49549
90700
95884
47793
47793
20829
96849
96849
80040
45482
14200
14200
70836
96871
96871
78309
96872
15856
67308
96876
96887
96887
38147
38147
59174
59174
17883
70836
40290
40290
23343
96907
96907
48749
48749
16804
13410
57612
57612
39162
96911
96911
84525
52552
84358
97091
97091
64178
17826
97130
5343
54051
54051
54696
4912
70110
97131
97131
37553
37553
61341
64153
68689
97135
97135
86522
86522
51309
42127
58909
53266
85931
97162
97162
72636
33140
23233
23233
19921
45374
81459
97164
97164
17975
97177
97177
18340
97191
70365
51252
28940
40864
15152
56206
56206
70065
97193
97193
12879
67200
4949
8823
66511
66511
73194
97203
7600
29302
37354
24781
24781
22966
37443
9087
9087
74019
97214
97214
35767
35767
2933
2933
46720
46720
36677
97264
97264
10698
97273
97294
48564
46062
46062
61621
95896
68845
68845
39020
97296
97296
9607
9607
42093
87267
16971
97324
97375
97387
40901
1853
1853
40838
97390
97390
30761
30761
581
42147
46714
46714
83531
83531
81840
84358
67022
97412
97412
1437
1437
63273
48932
61546
61546
28594
8312
29814
97418
16005
79469
32479
24913
24913
49989
97432
97432
18412
88242
40616
52971
8214
97441
97441
4099
26465
21660
97448
97448
6282
6282
4013
97564
97564
70861
69961
30150
30150
4364
96671
35637
35637
90468
97570
97570
94245
94245
402
402
41634
57075
94350
97598
11961
95194
95194
80211
97620
97620
90056
61593
75987
65612
92825
70110
50894
50894
748
97661
97661
1730
1730
97688
81730
53775
53775
88999
23435
61853
16048
27312
97689
97689
21666
94523
12455
22637
10245
10245
75273
97704
97704
41396
3822
76342
97705
97727
97727
54326
54326
17786
17786
90683
90683
53224
53224
78393
97757
97757
22040
57633
41719
97758
87298
6356
1000
31152
16318
36580
66192
66192
47608
97788
52875
5041
5041
35024
52663
2455
2455
53631
97836
97836
11393
11393
20248
25490
91209
97861
97861
4399
4399
5721
5721
16984
16984
26944
97896
97896
72774
61669
82621
82621
65296
80458
31908
40565
73854
97919
97919
30281
30281
87121
97936
97936
69818
69818
91231
91231
56776
7527
69269
69269
80458
97951
93160
31701
31701
56006
97965
97993
97993
2109
33720
6239
6239
21055
21055
3282
3282
78816
98014
92451
19924
72069
18861
18861
5300
98020
98020
93968
40547
48697
81944
33996
71733
93841
93841
69496
98057
98057
26365
26365
29450
24415
54520
54520
81695
81695
4660
78393
30842
98060
5547
75596
75596
30316
30316
78935
98064
98064
36021
56987
86015
86015
44117
98103
98103
61812
61812
65520
47918
1733
92589
61786
98109
98109
54023
54023
42469
98126
81051
76607
24007
69612
98129
98129
49774
49774
23821
98142
98142
52370
52370
72100
6051
13464
13464
44038
98149
98149
5749
5749
49150
11653
52824
59904
50880
50880
88455
98192
29680
34877
34877
95832
95832
32928
97965
56634
98206
98206
16850
16850
52547
52547
15609
21177
77805
98219
6812
5680
90314
59103
59103
71396
98231
98231
56599
56599
85008
76342
20466
12863
55283
68689
31010
31010
67266
98249
98249
88969
91309
34940
72440
71305
98315
98315
25087
25087
14073
14073
21655
16723
21405
98316
98316
72848
72848
36050
36050
89636
98325
98325
47060
47060
19963
98392
98392
36086
36086
75511
15447
54329
98416
98416
48399
68191
8043
98426
98426
4567
25466
37121
37121
74736
54823
24323
80458
13250
98435
98435
34195
9960
33782
9449
81691
81691
39154
39154
66386
66386
63027
63027
25383
25383
56862
98472
26135
24010
96876
26024
98495
98495
55620
92452
49951
49951
41087
52106
28537
98500
39607
47579
47579
70332
70332
63516
85931
80579
98514
48779
22418
98517
29124
63656
23937
56164
56164
11348
11348
7603
98517
98517
1629
34148
3306
98532
98532
53270
32099
75850
67559
81642
98555
98580
98580
71093
71093
42074
62919
21931
21931
2246
26944
28697
98600
54281
31946
53002
91919
43034
42469
58536
58536
88313
98611
98611
88135
88135
87881
87881
2320
98629
98629
98044
98044
74384
65243
4798
57660
85868
98645
92343
42948
42948
70650
98705
98705
65376
65376
59860
3306
122
122
44444
1201
64014
64014
51226
98767
98767
43161
43161
34034
34034
65336
65336
61715
71305
25067
98788
98788
85209
66553
19504
19504
8769
98809
98809
42248
70151
11404
11404
46525
27998
57681
57681
97229
98811
98811
23647
23647
53130
53130
36758
36758
6085
6085
73338
73338
20049
98819
98819
6031
8175
8799
8799
53984
53984
51230
89636
90674
98839
81371
75784
39057
53905
8043
83777
83777
80327
80327
85442
98852
17418
47294
47294
63929
98852
37411
47551
42750
13702
65390
32241
13936
13936
22664
88313
88585
13250
38967
98892
98892
45291
45291
19984
22418
19157
21405
29019
98908
98908
43937
43937
59949
59781
17321
48692
28414
28414
73244
11627
44593
98938
98945
34967
27034
27034
470
470
46959
98958
23698
33409
33409
83718
68353
72757
72757
39250
39250
24618
98976
32537
33205
33205
63311
63311
6996
6996
29058
98985
98985
69704
69704
87776
87776
65016
65016
95121
8214
14736
14736
6556
98992
98992
28724
28724
48095
48095
72116
99010
99010
72206
72206
91435
19899
15795
70650
33176
44038
87468
52487
922
99016
99016
54172
54172
55277
23014
85170
96019
13524
76561
39944
99016
46781
56883
2924
94803
2073
95577
90674
63513
99027
55623
9792
9792
75579
72116
39992
13614
66638
99064
13515
28570
73334
57309
99077
99077
52478
30526
49493
49493
88741
88741
70183
99086
99086
83155
83155
31827
2511
37281
37281
1139
99103
17709
15384
24499
15058
58983
93916
91738
91366
56056
99108
99108
74697
61823
36673
36673
76941
76941
69745
69745
43122
20049
29294
99113
99113
4907
86192
11947
11947
71903
71903
8807
8807
69342
99122
19637
87348
69914
36565
36565
32856
91855
96443
99181
99181
63526
63277
60144
17953
96669
78353
65059
56006
26506
99190
98938
30233
44860
49143
75214
48816
48816
11778
29814
30587
99195
99195
96110
66803
85326
99202
11963
67628
67628
3486
3486
23852
59991
8631
8631
95512
99230
20495
16465
81626
65350
65350
24472
28697
99257
80703
90019
40785
91205
84378
398
398
7526
99305
99305
14866
4013
31133
31133
51801
8238
86047
86047
49984
49984
33974
38967
29098
99311
99311
91322
91322
74088
99314
99314
51400
94078
90373
90373
29264
29264
28625
99328
75864
22506
22506
81950
81950
30813
30813
33408
33408
66059
99339
99339
32663
70545
73260
94298
13729
13729
11896
36677
24904
99368
38639
10641
41719
99358
99358
81738
99388
99388
63118
70146
6581
6581
4578
4578
53119
54381
11395
80211
43236
66638
77565
99395
99395
52082
52082
35851
35851
26215
75078
57751
90468
5268
5268
86587
99429
99429
58743
72136
50159
31971
61834
34375
17831
17831
30156
67266
32383
32383
11079
99505
99505
58557
79440
50364
54329
5791
16971
15384
69143
36507
99505
99505
94750
94750
64649
64649
68613
27683
66943
66943
90197
10698
15887
99527
99527
48283
48283
39732
79742
8839
8839
70736
70736
25532
25532
77528
99560
99560
63486
20468
53195
24904
30417
30417
83859
99595
85040
20750
56318
38804
56604
6063
40749
40749
70101
70101
44103
44103
51820
29294
89643
99623
66257
13793
13793
47793
47793
57090
57090
72404
72404
66384
99630
99630
94196
54157
28048
48757
43244
73194
91919
69342
5200
74019
68522
99654
99654
60591
60591
21925
95033
67042
99678
99678
50266
66659
19524
28300
1311
47861
44336
99698
99698
28325
28325
97219
97219
6140
66638
85767
99719
17975
60504
60504
67870
64185
49076
26700
92459
92459
45663
73854
18212
18212
5131
99729
57709
21983
63929
80866
80866
67010
44336
71376
26506
4989
99740
99740
41780
6139
68702
27494
13073
13073
13425
13425
93350
93350
50552
99749
99749
26497
26497
82007
49135
7522
36713
59311
59311
29183
29183
96444
99771
51226
65792
99776
99776
27789
85094
7198
7198
72447
72447
60998
125
95717
95717
86009
86009
62055
62055
93292
99787
99787
92331
92331
79176
79176
61481
61481
32006
6556
15113
99802
99802
56895
62165
88738
88738
60408
19464
32515
29058
43125
66059
29862
29862
98985
99806
99806
82389
82389
68016
76361
4886
4886
40962
40962
80085
80085
43005
99807
99807
1867
36998
96256
8769
29727
95625
23627
99828
19171
161
161
64707
49742
45036
85868
17704
99836
21544
66283
66283
35293
19240
62417
51495
56529
23627
18351
18351
13844
15887
68293
99840
99840
80883
86576
43964
78930
94252
94252
80513
18019
88585
7526
18272
99840
99840
30148
67042
77350
15757
34949
30842
85135
85135
45706
68293
83761
99848
99848
63085
21700
24528
86400
93895
31597
43429
43429
54756
50552
28158
28158
44334
44334
46872
99885
99885
39580
39580
12643
12643
63801
29016
23680
97273
71710
71710
96426
96444
28795
15113
90459
11079
25169
25169
53259
99886
39139
94091
55601
15024
15024
92989
92989
32002
81738
1755
30587
88789
77565
19791
19791
81659
99909
99909
26878
26878
70043
99914
78104
39484
5300
4382
4382
35647
35647
44899
44899
87028
87028
63164
99936
99936
68351
68351
82807
82807
79039
79039
18104
18104
56773
56773
81757
81757
66389
66384
62732
5131
34042
34042
37662
99978
99978
81227
81227
27989
33458
48014
11626
87511
89767
36483
80579
70885
95512
18401
83859
868
98985
58525
58525
76176
76176
92216
99981
99981
68967
68967
78001
78001
61667
61667
49448
49448
69114
69114
982
65792
37114
37114
16865
63164
30448
37662
58947
92216
44147
